<?xml version="1.0" encoding="utf-8"?><testsuites name="pytest tests"><testsuite name="pytest" errors="1" failures="0" skipped="0" tests="10" time="4.923" timestamp="2026-09-24T15:53:49.775014+00:00" hostname="agent-env-80d77904-b34a-45c0-83ec-44b1acdda0bc"><testcase classname="tests.test_budgets" name="test_get_budget_units" time="0.548" /><testcase classname="tests.test_budgets" name="test_get_budgets_period_shape" time="0.120" /><testcase classname="tests.test_budgets" name="test_create_budget_admin_and_upsert" time="0.278" /><testcase classname="tests.test_budgets" name="test_create_budget_keuangan" time="0.425" /><testcase classname="tests.test_budgets" name="test_rbac_approver_user_cannot_write" time="0.093"><error message="failed on setup with &quot;AssertionError: register approver: 422 {&quot;detail&quot;:[{&quot;type&quot;:&quot;value_error&quot;,&quot;loc&quot;:[&quot;body&quot;,&quot;email&quot;],&quot;msg&quot;:&quot;value is not a valid email address: The part after the @-sign is a special-use or reserved name that cannot be used with email.&quot;,&quot;input&quot;:&quot;test_approver_44a6ff@sbb.test&quot;,&quot;ctx&quot;:{&quot;reason&quot;:&quot;The part after the @-sign is a special-use or reserved name that cannot be used with email.&quot;}}]}&#10;assert 422 in (200, 201)&#10; +  where 422 = &lt;Response [422]&gt;.status_code&quot;">backend/tests/test_budgets.py:46: in approver_and_user
    assert r.status_code in (200, 201), f"register {role}: {r.status_code} {r.text}"
E   AssertionError: register approver: 422 {"detail":[{"type":"value_error","loc":["body","email"],"msg":"value is not a valid email address: The part after the @-sign is a special-use or reserved name that cannot be used with email.","input":"test_approver_44a6ff@sbb.test","ctx":{"reason":"The part after the @-sign is a special-use or reserved name that cannot be used with email."}}]}
E   assert 422 in (200, 201)
E    +  where 422 = &lt;Response [422]&gt;.status_code</error></testcase><testcase classname="tests.test_budgets" name="test_realisasi_only_counts_approved_or_posted" time="1.015" /><testcase classname="tests.test_budgets" name="test_no_budget_flag" time="0.622" /><testcase classname="tests.test_budgets" name="test_rejected_not_counted" time="0.400" /><testcase classname="tests.test_budgets" name="test_put_and_delete_budget" time="0.415" /><testcase classname="tests.test_budgets" name="test_zzz_cleanup" time="0.424" /></testsuite></testsuites>