<?xml version="1.0" encoding="utf-8"?><testsuites name="pytest tests"><testsuite name="pytest" errors="0" failures="0" skipped="0" tests="7" time="2.976" timestamp="2026-09-24T16:11:17.570180+00:00" hostname="agent-env-80d77904-b34a-45c0-83ec-44b1acdda0bc"><testcase classname="tests.test_budgets_annual_warning" name="test_budgets_annual_shape_no_unit" time="0.549" /><testcase classname="tests.test_budgets_annual_warning" name="test_budgets_annual_with_unit_filter" time="0.482" /><testcase classname="tests.test_budgets_annual_warning" name="test_budgets_check_no_budget" time="0.071" /><testcase classname="tests.test_budgets_annual_warning" name="test_budgets_check_with_budget" time="0.366" /><testcase classname="tests.test_budgets_annual_warning" name="test_post_document_over_pagu" time="0.571" /><testcase classname="tests.test_budgets_annual_warning" name="test_post_document_no_budget_no_warning" time="0.128" /><testcase classname="tests.test_budgets_annual_warning" name="test_budgets_annual_realisasi_from_approved" time="0.734" /></testsuite></testsuites>