<?xml version="1.0" encoding="utf-8"?><testsuites name="pytest tests"><testsuite name="pytest" errors="0" failures="0" skipped="0" tests="19" time="3.452" timestamp="2026-09-24T14:02:27.454554+00:00" hostname="agent-env-80d77904-b34a-45c0-83ec-44b1acdda0bc"><testcase classname="tests.test_sbb_backend.TestAuth" name="test_login_success_admin" time="0.743" /><testcase classname="tests.test_sbb_backend.TestPPWorkflow" name="test_create_pp_document" time="0.839" /><testcase classname="tests.test_sbb_backend.TestPPWorkflow" name="test_approve_all_steps" time="0.739" /><testcase classname="tests.test_sbb_backend.TestAuth" name="test_login_success_keuangan" time="0.464" /><testcase classname="tests.test_sbb_backend.TestAuth" name="test_login_invalid" time="0.365" /><testcase classname="tests.test_sbb_backend.TestAuth" name="test_me_requires_auth" time="0.162" /><testcase classname="tests.test_sbb_backend.TestPPWorkflow" name="test_generate_journal_and_balance" time="0.091" /><testcase classname="tests.test_sbb_backend.TestPPWorkflow" name="test_doc_status_posted" time="0.121" /><testcase classname="tests.test_sbb_backend.TestAuth" name="test_forgot_password_generic" time="0.220" /><testcase classname="tests.test_sbb_backend.TestMasterData" name="test_accounts_list" time="0.088" /><testcase classname="tests.test_sbb_backend.TestMasterData" name="test_tax_settings" time="0.075" /><testcase classname="tests.test_sbb_backend.TestMasterData" name="test_tax_settings_update" time="0.152" /><testcase classname="tests.test_sbb_backend.TestPPBJPUMPTUM" name="test_create_ppbj_with_items" time="0.085" /><testcase classname="tests.test_sbb_backend.TestPPBJPUMPTUM" name="test_create_pum" time="0.159" /><testcase classname="tests.test_sbb_backend.TestPPBJPUMPTUM" name="test_journal_list" time="0.281" /><testcase classname="tests.test_sbb_backend.TestRBAC" name="test_users_admin_only" time="0.587" /><testcase classname="tests.test_sbb_backend.TestPPBJPUMPTUM" name="test_dashboard" time="0.115" /><testcase classname="tests.test_sbb_backend.TestRBAC" name="test_keuangan_can_read_journals" time="0.077" /><testcase classname="tests.test_sbb_backend.TestRBAC" name="test_keuangan_can_read_tax" time="0.089" /></testsuite></testsuites>